<?xml version="1.0" encoding="UTF-8"?>
<testsuite xmlns:xsi="http://www.w3.org/2001/XMLSchema-instance" xsi:noNamespaceSchemaLocation="https://maven.apache.org/surefire/maven-failsafe-plugin/xsd/failsafe-test-report.xsd" name="com.twitterapi.automation.TestRunner" time="9.918" tests="13" errors="0" skipped="13" failures="0">
  <properties>
    <property name="java.runtime.name" value="Java(TM) SE Runtime Environment"/>
    <property name="sun.boot.library.path" value="C:\Program Files\Java\jre1.8.0_181\bin"/>
    <property name="java.vm.version" value="25.181-b13"/>
    <property name="java.vm.vendor" value="Oracle Corporation"/>
    <property name="maven.multiModuleProjectDirectory" value="C:\Users\Bittu\Desktop\Sumit\restApi"/>
    <property name="java.vendor.url" value="http://java.oracle.com/"/>
    <property name="path.separator" value=";"/>
    <property name="guice.disable.misplaced.annotation.check" value="true"/>
    <property name="java.vm.name" value="Java HotSpot(TM) 64-Bit Server VM"/>
    <property name="file.encoding.pkg" value="sun.io"/>
    <property name="user.script" value=""/>
    <property name="user.country" value="IN"/>
    <property name="sun.java.launcher" value="SUN_STANDARD"/>
    <property name="sun.os.patch.level" value=""/>
    <property name="java.vm.specification.name" value="Java Virtual Machine Specification"/>
    <property name="user.dir" value="C:\Users\Bittu\Desktop\Sumit\restApi"/>
    <property name="java.runtime.version" value="1.8.0_181-b13"/>
    <property name="java.awt.graphicsenv" value="sun.awt.Win32GraphicsEnvironment"/>
    <property name="java.endorsed.dirs" value="C:\Program Files\Java\jre1.8.0_181\lib\endorsed"/>
    <property name="os.arch" value="amd64"/>
    <property name="java.io.tmpdir" value="C:\Users\Bittu\AppData\Local\Temp\"/>
    <property name="line.separator" value="&#10;"/>
    <property name="java.vm.specification.vendor" value="Oracle Corporation"/>
    <property name="user.variant" value=""/>
    <property name="os.name" value="Windows 10"/>
    <property name="classworlds.conf" value="C:\Users\Bittu\Desktop\Sumit\apache-maven-3.5.4-bin\bin\..\bin\m2.conf"/>
    <property name="sun.jnu.encoding" value="Cp1252"/>
    <property name="java.library.path" value="C:\Windows\System32;C:\WINDOWS\Sun\Java\bin;C:\WINDOWS\system32;C:\WINDOWS;C:\Program Files (x86)\Lenovo\FusionEngine;C:\Program Files (x86)\Intel\iCLS Client\;C:\Program Files\Intel\iCLS Client\;C:\Program Files (x86)\NVIDIA Corporation\PhysX\Common;C:\WINDOWS\system32;C:\WINDOWS;C:\WINDOWS\System32\Wbem;C:\WINDOWS\System32\WindowsPowerShell\v1.0\;C:\Program Files\Intel\Intel(R) Management Engine Components\DAL;C:\Program Files\Intel\Intel(R) Management Engine Components\IPT;C:\Program Files (x86)\Intel\Intel(R) Management Engine Components\DAL;C:\Program Files (x86)\Intel\Intel(R) Management Engine Components\IPT;C:\Program Files (x86)\Common Files\lenovo\easyplussdk\bin;C:\Program Files (x86)\Skype\Phone\;C:\Users\Bittu\Desktop\Sumit\apache-maven-3.5.4-bin\bin;C:\Users\Bittu\Desktop\Sumit\apache-maven-3.5.4-bin;C:\Program Files\Java\jdk1.8.0_181;C:\Program Files\Java\jdk1.8.0_181\bin;C:\Users\Bittu\AppData\Local\Microsoft\WindowsApps;C:\Users\Bittu\Desktop\Sumit\apache-maven-3.5.4-bin;C:\Users\Bittu\Desktop\Sumit\apache-maven-3.5.4-bin\bin;;."/>
    <property name="maven.conf" value="C:\Users\Bittu\Desktop\Sumit\apache-maven-3.5.4-bin\bin\../conf"/>
    <property name="java.specification.name" value="Java Platform API Specification"/>
    <property name="java.class.version" value="52.0"/>
    <property name="sun.management.compiler" value="HotSpot 64-Bit Tiered Compilers"/>
    <property name="os.version" value="10.0"/>
    <property name="library.jansi.path" value="C:\Users\Bittu\Desktop\Sumit\apache-maven-3.5.4-bin\bin\..\lib\jansi-native"/>
    <property name="user.home" value="C:\Users\Bittu"/>
    <property name="user.timezone" value="Asia/Calcutta"/>
    <property name="java.awt.printerjob" value="sun.awt.windows.WPrinterJob"/>
    <property name="java.specification.version" value="1.8"/>
    <property name="file.encoding" value="Cp1252"/>
    <property name="user.name" value="Bittu"/>
    <property name="java.class.path" value="C:\Users\Bittu\Desktop\Sumit\apache-maven-3.5.4-bin\bin\..\boot\plexus-classworlds-2.5.2.jar"/>
    <property name="java.vm.specification.version" value="1.8"/>
    <property name="sun.arch.data.model" value="64"/>
    <property name="java.home" value="C:\Program Files\Java\jre1.8.0_181"/>
    <property name="sun.java.command" value="org.codehaus.plexus.classworlds.launcher.Launcher verify"/>
    <property name="java.specification.vendor" value="Oracle Corporation"/>
    <property name="user.language" value="en"/>
    <property name="awt.toolkit" value="sun.awt.windows.WToolkit"/>
    <property name="java.vm.info" value="mixed mode"/>
    <property name="java.version" value="1.8.0_181"/>
    <property name="java.ext.dirs" value="C:\Program Files\Java\jre1.8.0_181\lib\ext;C:\WINDOWS\Sun\Java\lib\ext"/>
    <property name="sun.boot.class.path" value="C:\Program Files\Java\jre1.8.0_181\lib\resources.jar;C:\Program Files\Java\jre1.8.0_181\lib\rt.jar;C:\Program Files\Java\jre1.8.0_181\lib\sunrsasign.jar;C:\Program Files\Java\jre1.8.0_181\lib\jsse.jar;C:\Program Files\Java\jre1.8.0_181\lib\jce.jar;C:\Program Files\Java\jre1.8.0_181\lib\charsets.jar;C:\Program Files\Java\jre1.8.0_181\lib\jfr.jar;C:\Program Files\Java\jre1.8.0_181\classes"/>
    <property name="sun.stderr.encoding" value="cp437"/>
    <property name="java.vendor" value="Oracle Corporation"/>
    <property name="maven.home" value="C:\Users\Bittu\Desktop\Sumit\apache-maven-3.5.4-bin\bin\.."/>
    <property name="file.separator" value="\"/>
    <property name="java.vendor.url.bug" value="http://bugreport.sun.com/bugreport/"/>
    <property name="sun.cpu.endian" value="little"/>
    <property name="sun.io.unicode.encoding" value="UnicodeLittle"/>
    <property name="sun.stdout.encoding" value="cp437"/>
    <property name="sun.desktop" value="windows"/>
    <property name="sun.cpu.isalist" value="amd64"/>
  </properties>
  <testcase name="Test twitter status update" classname="test" time="0">
    <skipped message="The step &quot;user deletes existing status&quot; is undefined"/>
    <system-out><![CDATA[Feature: test

  Background: There should be no status &amp#27;[90m# src/test/java/com/twitterapi/automation/features/UpdateStatus.feature:3&amp#27;[0m
    &amp#27;[33mGiven &amp#27;[0m&amp#27;[33muser deletes existing status&amp#27;[0m  &amp#27;[90m# null&amp#27;[0m

  @run
  Scenario: Test twitter status update                               &amp#27;[90m# src/test/java/com/twitterapi/automation/features/UpdateStatus.feature:7&amp#27;[0m
    &amp#27;[33mGiven &amp#27;[0m&amp#27;[33mthere already exists a tweet with a status "Feeling good."&amp#27;[0m &amp#27;[90m# null&amp#27;[0m
    &amp#27;[33mAnd &amp#27;[0m&amp#27;[33muser wants update status with "Blessed be my India"&amp#27;[0m          &amp#27;[90m# null&amp#27;[0m
    &amp#27;[33mAnd &amp#27;[0m&amp#27;[33mwants to reply to status with text "Feeling good"&amp#27;[0m            &amp#27;[90m# null&amp#27;[0m
    &amp#27;[33mAnd &amp#27;[0m&amp#27;[33mwants to attach a link&amp#27;[0m                                       &amp#27;[90m# null&amp#27;[0m
    &amp#27;[33mAnd &amp#27;[0m&amp#27;[33mcontent "is not" sensitive&amp#27;[0m                                   &amp#27;[90m# null&amp#27;[0m
    &amp#27;[33mAnd &amp#27;[0m&amp#27;[33mgeographical location is of "Pune"&amp#27;[0m                           &amp#27;[90m# null&amp#27;[0m
    &amp#27;[33mWhen &amp#27;[0m&amp#27;[33muser posts the status&amp#27;[0m                                       &amp#27;[90m# null&amp#27;[0m
    &amp#27;[33mThen &amp#27;[0m&amp#27;[33mstatus should have expected text&amp#27;[0m                            &amp#27;[90m# null&amp#27;[0m
    &amp#27;[33mAnd &amp#27;[0m&amp#27;[33mstatus should be replied to former status&amp#27;[0m                    &amp#27;[90m# null&amp#27;[0m
    &amp#27;[33mAnd &amp#27;[0m&amp#27;[33mstatus should have expected attachment&amp#27;[0m                       &amp#27;[90m# null&amp#27;[0m
    &amp#27;[33mAnd &amp#27;[0m&amp#27;[33mcontent should not be sensitive&amp#27;[0m                              &amp#27;[90m# null&amp#27;[0m
    &amp#27;[33mAnd &amp#27;[0m&amp#27;[33mshould have location "Pune"&amp#27;[0m                                  &amp#27;[90m# null&amp#27;[0m
]]></system-out>
    <system-err><![CDATA[SLF4J: Failed to load class "org.slf4j.impl.StaticLoggerBinder".
SLF4J: Defaulting to no-operation (NOP) logger implementation
SLF4J: See http://www.slf4j.org/codes.html#StaticLoggerBinder for further details.
]]></system-err>
  </testcase>
  <testcase name="Test twitter status update" classname="test" time="0">
    <skipped message="The step &quot;there already exists a tweet with a status &quot;Feeling good.&quot;&quot; is undefined"/>
  </testcase>
  <testcase name="Test twitter status update" classname="test" time="0">
    <skipped message="The step &quot;user wants update status with &quot;Blessed be my India&quot;&quot; is undefined"/>
  </testcase>
  <testcase name="Test twitter status update" classname="test" time="0">
    <skipped message="The step &quot;wants to reply to status with text &quot;Feeling good&quot;&quot; is undefined"/>
  </testcase>
  <testcase name="Test twitter status update" classname="test" time="0">
    <skipped message="The step &quot;wants to attach a link&quot; is undefined"/>
  </testcase>
  <testcase name="Test twitter status update" classname="test" time="0">
    <skipped message="The step &quot;content &quot;is not&quot; sensitive&quot; is undefined"/>
  </testcase>
  <testcase name="Test twitter status update" classname="test" time="0">
    <skipped message="The step &quot;geographical location is of &quot;Pune&quot;&quot; is undefined"/>
  </testcase>
  <testcase name="Test twitter status update" classname="test" time="0">
    <skipped message="The step &quot;user posts the status&quot; is undefined"/>
  </testcase>
  <testcase name="Test twitter status update" classname="test" time="0">
    <skipped message="The step &quot;status should have expected text&quot; is undefined"/>
  </testcase>
  <testcase name="Test twitter status update" classname="test" time="0">
    <skipped message="The step &quot;status should be replied to former status&quot; is undefined"/>
  </testcase>
  <testcase name="Test twitter status update" classname="test" time="0">
    <skipped message="The step &quot;status should have expected attachment&quot; is undefined"/>
  </testcase>
  <testcase name="Test twitter status update" classname="test" time="0">
    <skipped message="The step &quot;content should not be sensitive&quot; is undefined"/>
  </testcase>
  <testcase name="Test twitter status update" classname="test" time="0">
    <skipped message="The step &quot;should have location &quot;Pune&quot;&quot; is undefined"/>
  </testcase>
</testsuite>