<?xml version="1.0" encoding="UTF-8"?>
<!-- Generated by org.testng.reporters.JUnitReportReporter -->
<testsuite skipped="0" hostname="Lenovo-PC" name="com.twitterapi.automation.tweets.GetTweetTimeline" tests="1" failures="0" timestamp="26 May 2018 19:22:26 GMT" time="4.297" errors="0">
  <testcase name="readTweets" time="4.297" classname="com.twitterapi.automation.tweets.GetTweetTimeline"/>
</testsuite> <!-- com.twitterapi.automation.tweets.GetTweetTimeline -->
