<?xml version="1.0" encoding="UTF-8"?>
<!-- Generated by org.testng.reporters.JUnitReportReporter -->
<testsuite skipped="0" hostname="Lenovo-PC" name="com.twitterapi.automation.tweets.GetTweetTimelineTest" tests="1" failures="0" timestamp="26 May 2018 19:54:55 GMT" time="3.108" errors="0">
  <testcase name="readTweets" time="3.108" classname="com.twitterapi.automation.tweets.GetTweetTimelineTest"/>
</testsuite> <!-- com.twitterapi.automation.tweets.GetTweetTimelineTest -->
